0 info it worked if it ends with ok
1 verbose cli [ 'C:\\Program Files\\nodejs\\node.exe',
1 verbose cli   'C:\\Program Files\\nodejs\\node_modules\\npm\\bin\\npm-cli.js',
1 verbose cli   'test' ]
2 info using npm@3.10.3
3 info using node@v6.3.0
4 verbose stack Error: Invalid version: "0.3"
4 verbose stack     at Object.module.exports.fixVersionField (C:\Users\desarrollo12\AppData\Roaming\nvm\v6.3.0\node_modules\npm\node_modules\normalize-package-data\lib\fixer.js:191:13)
4 verbose stack     at C:\Users\desarrollo12\AppData\Roaming\nvm\v6.3.0\node_modules\npm\node_modules\normalize-package-data\lib\normalize.js:32:38
4 verbose stack     at Array.forEach (native)
4 verbose stack     at normalize (C:\Users\desarrollo12\AppData\Roaming\nvm\v6.3.0\node_modules\npm\node_modules\normalize-package-data\lib\normalize.js:31:15)
4 verbose stack     at final (C:\Users\desarrollo12\AppData\Roaming\nvm\v6.3.0\node_modules\npm\node_modules\read-package-json\read-json.js:349:5)
4 verbose stack     at then (C:\Users\desarrollo12\AppData\Roaming\nvm\v6.3.0\node_modules\npm\node_modules\read-package-json\read-json.js:124:5)
4 verbose stack     at C:\Users\desarrollo12\AppData\Roaming\nvm\v6.3.0\node_modules\npm\node_modules\read-package-json\read-json.js:311:12
4 verbose stack     at C:\Users\desarrollo12\AppData\Roaming\nvm\v6.3.0\node_modules\npm\node_modules\graceful-fs\graceful-fs.js:78:16
4 verbose stack     at tryToString (fs.js:455:3)
4 verbose stack     at FSReqWrap.readFileAfterClose [as oncomplete] (fs.js:442:12)
5 verbose cwd C:\PROYECTOS\WWW\GITHUB\Win
6 error Windows_NT 10.0.10240
7 error argv "C:\\Program Files\\nodejs\\node.exe" "C:\\Program Files\\nodejs\\node_modules\\npm\\bin\\npm-cli.js" "test"
8 error node v6.3.0
9 error npm  v3.10.3
10 error Invalid version: "0.3"
11 error If you need help, you may report this error at:
11 error     <https://github.com/npm/npm/issues>
12 verbose exit [ 1, true ]
